FMOD: SystemI::init                  : FMOD Ex Version: 00042636
FMOD: SystemI::init                  : maxchannels = 32, flags = 00000000, extradriverdata = 0000000000000000
FMOD: SystemI::close                 : 
FMOD: SystemI::close                 : Stop all sounds
FMOD: SystemI::close                 : Remove miscllaneous DSP stuff.
FMOD: SystemI::close                 : done.

FMOD: OutputWASAPI::enumerate        : Enumerating...
FMOD: OutputWASAPI::enumerate        : Initialise COM library.
FMOD: OutputWASAPI::enumerate        : Found Driver: "32SS DP (NVIDIA High Definition Audio)".
FMOD: OutputWASAPI::enumerate        : Found Driver: "¤<ä (Realtek High Definition Audio)".
FMOD: OutputWASAPI::enumerate        : Found Driver: "¤<ä (USB PnP Audio Device)".
FMOD: OutputWASAPI::enumerate        : Found Driver: "Ètl (USB PnP Audio Device)".
FMOD: OutputWASAPI::enumerate        : Done.
FMOD: OutputWASAPI::initEx           : Initialising...
FMOD: OutputWASAPI::initEx           : Done.
FMOD: SystemI::init                  : Set up software engine
FMOD: Thread::initThread             : Initializing FMOD (WASAPI) feeder thread.  priority 0
FMOD: Thread::initThread             : - Stacksize 0.  Stack pointer 0000000000000000 : usesemaphore = 0 : sleeptime = 0
FMOD: Thread::callback               : * FMOD (WASAPI) feeder thread started
FMOD: Thread::initThread             : done.
FMOD: OutputWASAPI::feederUpdate     : WASAPI feeder thread set to 'Audio' characteristic
FMOD: Thread::initThread             : Initializing FMOD mixer thread.  priority 1
FMOD: Thread::initThread             : - Stacksize 0.  Stack pointer 0000000000000000 : usesemaphore = 1 : sleeptime = 0
FMOD: Thread::callback               : * FMOD mixer thread started
FMOD: Thread::initThread             : done.
FMOD: SystemI::init                  : Set up emulated output
FMOD: SystemI::init                  : create the channel pool
FMOD: SystemI::init                  : Set up streamer
FMOD: Thread::initThread             : Initializing FMOD stream thread.  priority 2
FMOD: Thread::initThread             : - Stacksize 49152.  Stack pointer 0000000000000000 : usesemaphore = 0 : sleeptime = 10
FMOD: Thread::callback               : * FMOD stream thread started
FMOD: Thread::initThread             : done.
FMOD: SystemI::init                  : done

FMOD: SystemI::createSoundInternal   : filename = ..\..\Resource\Sound\music30.mp3 : mode 00000002
FMOD: SystemI::createSoundInternal   : 19 codecs found.  Scan all until one succeeds
FMOD: CodecTag::openInternal         : attempting to open ID3 or ASF tags..
FMOD: Codec::release                 : 
FMOD: Plugin::release                : (0000023B66729E70)
FMOD: Plugin::release                : done
FMOD: Codec::release                 : done
FMOD: CodecCDDA::openInternal        : attempting to open as CDDA..
FMOD: Codec::release                 : 
FMOD: Plugin::release                : (0000023B6672B060)
FMOD: Plugin::release                : done
FMOD: Codec::release                 : done
FMOD: CodecFSB::openInternal         : attempting to open as FSB..
FMOD: CodecFSB::openInternal         : Header check failed.  Not an FSB
FMOD: Codec::release                 : 
FMOD: CodecFSB::closeInternal        : 
FMOD: CodecFSB::closeInternal        : done
FMOD: Plugin::release                : (0000023B6672B060)
FMOD: Plugin::release                : done
FMOD: Codec::release                 : done
FMOD: CodecVAG::openInternal         : attempting to open as VAG..
FMOD: CodecVAG::openInternal         : 'VAG' ID check failed [ÿû°]
FMOD: Codec::release                 : 
FMOD: Plugin::release                : (0000023B6672B060)
FMOD: Plugin::release                : done
FMOD: Codec::release                 : done
FMOD: CodecWav::openInternal         : attempting to open as WAV..
FMOD: Codec::release                 : 
FMOD: Plugin::release                : (0000023B6672B060)
FMOD: Plugin::release                : done
FMOD: Codec::release                 : done
FMOD: CodecOggVorbis::openInternal   : attempting to open as OGG..
FMOD: CodecOggVorbis::openInternal   : failed to open as ogg
FMOD: Codec::release                 : 
FMOD: Plugin::release                : (0000023B6672B060)
FMOD: Plugin::release                : done
FMOD: Codec::release                 : done
FMOD: CodecAIFF::openInternal        : attempting to open as AIFF..
FMOD: Codec::release                 : 
FMOD: Plugin::release                : (0000023B6672B060)
FMOD: Plugin::release                : done
FMOD: Codec::release                 : done
FMOD: CodecFLAC::openInternal        : attempting to open as FLAC..
FMOD: Codec::release                 : 
FMOD: Plugin::release                : (0000023B6672B060)
FMOD: Plugin::release                : done
FMOD: Codec::release                 : done
FMOD: CodecMOD::openInternal         : attempting to open as MOD..
FMOD: CodecMOD::openInternal         : 'M.K.' etc ID check failed [¸F~]
FMOD: Codec::release                 : 
FMOD: Plugin::release                : (0000023B6672B060)
FMOD: Plugin::release                : done
FMOD: Codec::release                 : done
FMOD: CodecS3M::openInternal         : attempting to open as S3M..
FMOD: CodecS3M::openInternal         : 'SCRM' ID check failed [FMOD: Codec::release                 : 
FMOD: Plugin::release                : (0000023B6672B060)
FMOD: Plugin::release                : done
FMOD: Codec::release                 : done
FMOD: CodecXM::openInternal          : attempting to open as XM..
FMOD: CodecXM::openInternal          : 'Extended Module: ' ID check failed [ÿû°FMOD: Codec::release                 : 
FMOD: CodecXM::closeInternal         : 3584
FMOD: CodecXM::closeInternal         : done
FMOD: Plugin::release                : (0000023B6672B060)
FMOD: Plugin::release                : done
FMOD: Codec::release                 : done
FMOD: CodecIT::openInternal          : attempting to open as IT..
FMOD: CodecIT::openInternal          : 'IMPM' etc ID check failed [ÿû°FMOD: Codec::release                 : 
FMOD: Plugin::release                : (0000023B6672B060)
FMOD: Plugin::release                : done
FMOD: Codec::release                 : done
FMOD: CodecMIDI::openInternal        : attempting to open as MIDI..
FMOD: CodecMIDI::openInternal        : 'HThd' ID check failed [ÿû°FMOD: Codec::release                 : 
FMOD: Plugin::release                : (0000023B6672B060)
FMOD: Plugin::release                : done
FMOD: Codec::release                 : done
FMOD: CodecDLS::openInternal         : attempting to open as DLS..
FMOD: Codec::release                 : 
FMOD: Plugin::release                : (0000023B6672B060)
FMOD: Plugin::release                : done
FMOD: Codec::release                 : done
FMOD: CodecASF::openInternal         : attempting to open as ASF..
FMOD: Codec::release                 : 
FMOD: Plugin::release                : (0000023B6672B060)
FMOD: Plugin::release                : done
FMOD: Codec::release                 : done
FMOD: CodecMPEG::openInternal        : attempting to open as MPEG..
FMOD: SystemI::createSoundInternal   : Format has 0 subsounds.
FMOD: SystemI::createSoundInternal   : Create as FMOD_CREATESAMPLE
FMOD: SystemI::createSoundInternal   : creating subsound 0/0
FMOD: SystemI::createSample          : mode 00000042 length 10424448 samples, lengthbytes 5663764
FMOD: SystemI::createSample          : subsamples = 1, channels = 2
FMOD: SystemI::createSample          : subsample 0.  output = 0000023B666C8CE0
FMOD: SystemI::createSample          : mSoftware = 0000023B666C8CE0
FMOD: OutputSoftware::createSample   : lengthpcm 10424448, lengthbytes 5663764, channels 2, format 2, mode 0000004a
FMOD: OutputSoftware::createSample   : done
FMOD: SystemI::createSample          : done
FMOD: SystemI::createSoundInternal   : No name found in file, use filename.
FMOD: SystemI::createSoundInternal   : done.  OpenState now = FMOD_OPENSTATE_READY.

FMOD: SystemI::createSoundInternal   : filename = ..\..\Resource\Sound\music.wav : mode 00000002
FMOD: SystemI::createSoundInternal   : 19 codecs found.  Scan all until one succeeds
FMOD: CodecTag::openInternal         : attempting to open ID3 or ASF tags..
FMOD: Codec::release                 : 
FMOD: Plugin::release                : (0000023B667311A0)
FMOD: Plugin::release                : done
FMOD: Codec::release                 : done
FMOD: CodecCDDA::openInternal        : attempting to open as CDDA..
FMOD: Codec::release                 : 
FMOD: Plugin::release                : (0000023B667311A0)
FMOD: Plugin::release                : done
FMOD: Codec::release                 : done
FMOD: CodecFSB::openInternal         : attempting to open as FSB..
FMOD: CodecFSB::openInternal         : Header check failed.  Not an FSB
FMOD: Codec::release                 : 
FMOD: CodecFSB::closeInternal        : 
FMOD: CodecFSB::closeInternal        : done
FMOD: Plugin::release                : (0000023B667311A0)
FMOD: Plugin::release                : done
FMOD: Codec::release                 : done
FMOD: CodecVAG::openInternal         : attempting to open as VAG..
FMOD: CodecVAG::openInternal         : 'VAG' ID check failed [RIF]
FMOD: Codec::release                 : 
FMOD: Plugin::release                : (0000023B667311A0)
FMOD: Plugin::release                : done
FMOD: Codec::release                 : done
FMOD: CodecWav::openInternal         : attempting to open as WAV..
FMOD: CodecWav::parseRIFF            : chunk : id fmt  size 16
FMOD: CodecWav::parseRIFF            : offset = 28 / 38125732
FMOD: CodecWav::parseRIFF            : chunk : id LIST size 120
FMOD: CodecWav::parseRIFF            : chunk : id IART size 27
FMOD: CodecWav::parseRIFF            : offset = 40 / 120
FMOD: CodecWav::parseRIFF            : chunk : id ICRD size 5
FMOD: CodecWav::parseRIFF            : offset = 54 / 120
FMOD: CodecWav::parseRIFF            : chunk : id INAM size 13
FMOD: CodecWav::parseRIFF            : offset = 76 / 120
FMOD: CodecWav::parseRIFF            : chunk : id IPRD size 13
FMOD: CodecWav::parseRIFF            : offset = 98 / 120
FMOD: CodecWav::parseRIFF            : chunk : id ISFT size 14
FMOD: CodecWav::parseRIFF            : offset = 120 / 120
FMOD: CodecWav::parseRIFF            : offset = 156 / 38125732
FMOD: CodecWav::parseRIFF            : chunk : id data size 38125568
FMOD: CodecWav::parseRIFF            : offset = 38125732 / 38125732
FMOD: CodecWav::openInternal         : mSrcFormat->wFormatTag = 1
FMOD: CodecWav::openInternal         : mSrcFormat->nChannels = 2
FMOD: CodecWav::openInternal         : mSrcFormat->nSamplesPerSec = 44100
FMOD: CodecWav::openInternal         : mSrcFormat->nAvgBytesPerSec = 176400
FMOD: CodecWav::openInternal         : mSrcFormat->nBlockAlign = 4
FMOD: CodecWav::openInternal         : mSrcFormat->wBitsPerSample = 16
FMOD: CodecWav::openInternal         : mSrcFormat->cbSize = 0
FMOD: SystemI::createSoundInternal   : Format has 0 subsounds.
FMOD: SystemI::createSoundInternal   : Create as FMOD_CREATESAMPLE
FMOD: SystemI::createSoundInternal   : creating subsound 0/0
FMOD: SystemI::createSample          : mode 00000042 length 9531392 samples, lengthbytes 38125568
FMOD: SystemI::createSample          : subsamples = 1, channels = 2
FMOD: SystemI::createSample          : subsample 0.  output = 0000023B666C8CE0
FMOD: SystemI::createSample          : mSoftware = 0000023B666C8CE0
FMOD: OutputSoftware::createSample   : lengthpcm 9531392, lengthbytes 38125568, channels 2, format 2, mode 0000004a
FMOD: OutputSoftware::createSample   : done
FMOD: SystemI::createSample          : done
FMOD: SystemI::createSoundInternal   : No name found in file, use filename.
FMOD: SystemI::createSoundInternal   : done.  OpenState now = FMOD_OPENSTATE_READY.

FMOD: SoundI::release                : music.wav (0000023B66731540)
FMOD: SoundI::release                : release codec. (0000023B66731540)
FMOD: Codec::release                 : 
FMOD: Plugin::release                : (0000023B667311A0)
FMOD: Plugin::release                : done
FMOD: Codec::release                 : done
FMOD: SoundI::release                : free this. (0000023B66731540)
FMOD: SoundI::release                : done (0000023B66731540)
FMOD: SoundI::release                : music30.mp3 (0000023B66730E20)
FMOD: SoundI::release                : release codec. (0000023B66730E20)
FMOD: Codec::release                 : 
FMOD: Plugin::release                : (0000023B6672B060)
FMOD: Plugin::release                : done
FMOD: Codec::release                 : done
FMOD: SoundI::release                : free this. (0000023B66730E20)
FMOD: SoundI::release                : done (0000023B66730E20)
FMOD: SystemI::close                 : 
FMOD: SystemI::close                 : Stop all sounds
FMOD: Thread::callback               : * FMOD stream thread finished
FMOD: Thread::close                  : FMOD stream thread thread destroyed
FMOD: SystemI::close                 : Stream thread destroyed
FMOD: SystemI::close                 : Shut down streamer and FMOD_NONBLOCKING and FileSystem thread.
FMOD: SystemI::close                 : Free master channel group.
FMOD: SystemI::close                 : Remove 'master' sound group.
FMOD: SystemI::close                 : Shut down output.
FMOD: Thread::callback               : * FMOD (WASAPI) feeder thread finished
FMOD: Thread::close                  : FMOD (WASAPI) feeder thread thread destroyed
FMOD: Thread::callback               : * FMOD mixer thread finished
FMOD: Thread::close                  : FMOD mixer thread thread destroyed
FMOD: OutputWASAPI::close            : Closing...
FMOD: OutputWASAPI::close            : Done.
FMOD: SystemI::close                 : Free software output.
FMOD: SystemI::close                 : Free emulated output.
FMOD: SystemI::close                 : Free channel pool.
FMOD: SystemI::close                 : Remove DSP Soundcard unit.
FMOD: SystemI::close                 : Remove miscllaneous DSP stuff.
FMOD: SystemI::close                 : done.

